"Start of log file."
"C:/Users/polga/Desktop/ESCENA~1/ESCENA~1/Assets/Coses/POLASS~1/farola.max"
"Starting max loading and fbx conversion"
window = undefined
"Settings units"
"Before fbx export"
"After fbx export"
"Finished max loading and fbx conversion"
"C:/Users/polga/Desktop/ESCENA~1/ESCENA~1/Assets/Coses/POLASS~1/basura.max"
"Starting max loading and fbx conversion"
window = undefined
"Settings units"
"Before fbx export"
"After fbx export"
"Finished max loading and fbx conversion"
"C:/Users/polga/Desktop/ESCENA~1/ESCENA~1/Assets/Coses/MARCAS~1/ASSET_~2.MAX"
"Starting max loading and fbx conversion"
window = undefined
"Settings units"
"Before fbx export"
"After fbx export"
"Finished max loading and fbx conversion"
"C:/Users/polga/Desktop/ESCENA~1/ESCENA~1/Assets/Coses/ASSETS~1/Spika/spk.max"
"Starting max loading and fbx conversion"
window = undefined
"Settings units"
"Before fbx export"
"After fbx export"
"Finished max loading and fbx conversion"
"C:/Users/polga/Desktop/ESCENA~1/ESCENA~1/Assets/Coses/MARCAS~1/ASSET_~1.MAX"
"Starting max loading and fbx conversion"
window = undefined
"Settings units"
"Before fbx export"
"After fbx export"
"Finished max loading and fbx conversion"
"C:/Users/polga/Desktop/ESCENA~1/ESCENA~1/Assets/Coses/POLASS~1/farola.max"
"Starting max loading and fbx conversion"
window = undefined
"Settings units"
"Before fbx export"
"After fbx export"
"Finished max loading and fbx conversion"
